<?xml version="1.0" encoding="UTF-8"?>
<!-- Generated by org.testng.reporters.JUnitReportReporter -->
<testsuite hostname="SHRUTI" failures="0" tests="1" name="cucumberOptions.TestRunner" time="29.316" errors="0" timestamp="2022-02-08T13:04:03 GMT" skipped="0">
  <testcase classname="cucumberOptions.TestRunner" name="feature" time="29.316"/>
  <system-out/>
</testsuite> <!-- cucumberOptions.TestRunner -->
